<?xml version="1.0" encoding="UTF-8"?>
<testsuite xmlns:xsi="http://www.w3.org/2001/XMLSchema-instance" xsi:noNamespaceSchemaLocation="https://maven.apache.org/surefire/maven-surefire-plugin/xsd/surefire-test-report.xsd" version="3.0.2" name="com.apple.springboot.DataIngestionDedupAnalysisTest" time="2.391" tests="1" errors="0" skipped="0" failures="0">
  <properties>
[...]
</properties>
  <testcase name="reportsDuplicateKeysForInternalJson" classname="com.apple.springboot.DataIngestionDedupAnalysisTest" time="2.387">
    <system-out><![CDATA[2025-12-19T21:40:31.913Z  INFO 6231 --- [           main] t.c.s.AnnotationConfigContextLoaderUtils : Could not detect default configuration classes for test class [com.apple.springboot.DataIngestionDedupAnalysisTest]: DataIngestionDedupAnalysisTest does not declare any static, non-private, non-final, nested classes annotated with @Configuration.
2025-12-19T21:40:31.914Z  INFO 6231 --- [           main] .b.t.c.SpringBootTestContextBootstrapper : Found @SpringBootConfiguration com.apple.springboot.SpringbootApplication for test class com.apple.springboot.DataIngestionDedupAnalysisTest
2025-12-19T21:40:31.918Z  INFO 6231 --- [           main] c.a.s.service.DataIngestionService       : Starting ingestion and cleansing for identifier: data/internal-425-Test-1-US.json
2025-12-19T21:40:31.918Z  INFO 6231 --- [           main] c.a.s.service.DataIngestionService       : Identifier is a classpath resource: classpath:data/internal-425-Test-1-US.json
2025-12-19T21:40:32.077Z  INFO 6231 --- [           main] c.a.s.service.DataIngestionService       : Processed raw data with ID: ba4df554-8f25-489f-89a5-db6dc7fb90a8 for source: classpath:data/internal-425-Test-1-US.json with status: CLASSPATH_CONTENT_RECEIVED
2025-12-19T21:40:32.667Z ERROR 6231 --- [   scheduling-1] c.a.s.service.SQSEnrichmentListener      : Error polling SQS queue

software.amazon.awssdk.core.exception.SdkClientException: Unable to load credentials from any of the providers in the chain AwsCredentialsProviderChain(credentialsProviders=[SystemPropertyCredentialsProvider(), EnvironmentVariableCredentialsProvider(), WebIdentityTokenCredentialsProvider(), ProfileCredentialsProvider(profileName=default, profileFile=ProfileFile(sections=[])), ContainerCredentialsProvider(), InstanceProfileCredentialsProvider()]) : [SystemPropertyCredentialsProvider(): Unable to load credentials from system settings. Access key must be specified either via environment variable (AWS_ACCESS_KEY_ID) or system property (aws.accessKeyId)., EnvironmentVariableCredentialsProvider(): Unable to load credentials from system settings. Access key must be specified either via environment variable (AWS_ACCESS_KEY_ID) or system property (aws.accessKeyId)., WebIdentityTokenCredentialsProvider(): Either the environment variable AWS_WEB_IDENTITY_TOKEN_FILE or the javaproperty aws.webIdentityTokenFile must be set., ProfileCredentialsProvider(profileName=default, profileFile=ProfileFile(sections=[])): Profile file contained no credentials for profile 'default': ProfileFile(sections=[]), ContainerCredentialsProvider(): Cannot fetch credentials from container - neither AWS_CONTAINER_CREDENTIALS_FULL_URI or AWS_CONTAINER_CREDENTIALS_RELATIVE_URI environment variables are set., InstanceProfileCredentialsProvider(): Failed to load credentials from IMDS.]
	at software.amazon.awssdk.core.exception.SdkClientException$BuilderImpl.build(SdkClientException.java:130) ~[sdk-core-2.31.47.jar:na]
	at software.amazon.awssdk.auth.credentials.AwsCredentialsProviderChain.resolveCredentials(AwsCredentialsProviderChain.java:130) ~[auth-2.31.47.jar:na]
	at software.amazon.awssdk.auth.credentials.internal.LazyAwsCredentialsProvider.resolveCredentials(LazyAwsCredentialsProvider.java:45) ~[auth-2.31.47.jar:na]
	at software.amazon.awssdk.auth.credentials.DefaultCredentialsProvider.resolveCredentials(DefaultCredentialsProvider.java:129) ~[auth-2.31.47.jar:na]
	at software.amazon.awssdk.auth.credentials.AwsCredentialsProvider.resolveIdentity(AwsCredentialsProvider.java:54) ~[auth-2.31.47.jar:na]
	at software.amazon.awssdk.services.sqs.auth.scheme.internal.SqsAuthSchemeInterceptor.lambda$trySelectAuthScheme$4(SqsAuthSchemeInterceptor.java:134) ~[sqs-2.31.47.jar:na]
	at software.amazon.awssdk.core.internal.util.MetricUtils.reportDuration(MetricUtils.java:80) ~[sdk-core-2.31.47.jar:na]
	at software.amazon.awssdk.services.sqs.auth.scheme.internal.SqsAuthSchemeInterceptor.trySelectAuthScheme(SqsAuthSchemeInterceptor.java:134) ~[sqs-2.31.47.jar:na]
	at software.amazon.awssdk.services.sqs.auth.scheme.internal.SqsAuthSchemeInterceptor.selectAuthScheme(SqsAuthSchemeInterceptor.java:81) ~[sqs-2.31.47.jar:na]
	at software.amazon.awssdk.services.sqs.auth.scheme.internal.SqsAuthSchemeInterceptor.beforeExecution(SqsAuthSchemeInterceptor.java:61) ~[sqs-2.31.47.jar:na]
	at software.amazon.awssdk.core.interceptor.ExecutionInterceptorChain.lambda$beforeExecution$1(ExecutionInterceptorChain.java:59) ~[sdk-core-2.31.47.jar:na]
	at java.base/java.util.ArrayList.forEach(ArrayList.java:1596) ~[na:na]
	at software.amazon.awssdk.core.interceptor.ExecutionInterceptorChain.beforeExecution(ExecutionInterceptorChain.java:59) ~[sdk-core-2.31.47.jar:na]
	at software.amazon.awssdk.awscore.internal.AwsExecutionContextBuilder.runInitialInterceptors(AwsExecutionContextBuilder.java:254) ~[aws-core-2.31.47.jar:na]
	at software.amazon.awssdk.awscore.internal.AwsExecutionContextBuilder.invokeInterceptorsAndCreateExecutionContext(AwsExecutionContextBuilder.java:144) ~[aws-core-2.31.47.jar:na]
	at software.amazon.awssdk.awscore.client.handler.AwsSyncClientHandler.invokeInterceptorsAndCreateExecutionContext(AwsSyncClientHandler.java:67) ~[aws-core-2.31.47.jar:na]
	at software.amazon.awssdk.core.internal.handler.BaseSyncClientHandler.lambda$execute$1(BaseSyncClientHandler.java:76) ~[sdk-core-2.31.47.jar:na]
	at software.amazon.awssdk.core.internal.handler.BaseSyncClientHandler.measureApiCallSuccess(BaseSyncClientHandler.java:182) ~[sdk-core-2.31.47.jar:na]
	at software.amazon.awssdk.core.internal.handler.BaseSyncClientHandler.execute(BaseSyncClientHandler.java:74) ~[sdk-core-2.31.47.jar:na]
	at software.amazon.awssdk.core.client.handler.SdkSyncClientHandler.execute(SdkSyncClientHandler.java:45) ~[sdk-core-2.31.47.jar:na]
	at software.amazon.awssdk.awscore.client.handler.AwsSyncClientHandler.execute(AwsSyncClientHandler.java:53) ~[aws-core-2.31.47.jar:na]
	at software.amazon.awssdk.services.sqs.DefaultSqsClient.receiveMessage(DefaultSqsClient.java:1864) ~[sqs-2.31.47.jar:na]
	at com.apple.springboot.service.SQSEnrichmentListener.pollQueue(SQSEnrichmentListener.java:70) ~[classes/:na]
	at java.base/jdk.internal.reflect.DirectMethodHandleAccessor.invoke(DirectMethodHandleAccessor.java:103) ~[na:na]
	at java.base/java.lang.reflect.Method.invoke(Method.java:580) ~[na:na]
	at org.springframework.scheduling.support.ScheduledMethodRunnable.runInternal(ScheduledMethodRunnable.java:130) ~[spring-context-6.2.6.jar:6.2.6]
	at org.springframework.scheduling.support.ScheduledMethodRunnable.lambda$run$2(ScheduledMethodRunnable.java:124) ~[spring-context-6.2.6.jar:6.2.6]
	at io.micrometer.observation.Observation.observe(Observation.java:498) ~[micrometer-observation-1.14.6.jar:1.14.6]
	at org.springframework.scheduling.support.ScheduledMethodRunnable.run(ScheduledMethodRunnable.java:124) ~[spring-context-6.2.6.jar:6.2.6]
	at org.springframework.scheduling.config.Task$OutcomeTrackingRunnable.run(Task.java:85) ~[spring-context-6.2.6.jar:6.2.6]
	at org.springframework.scheduling.support.DelegatingErrorHandlingRunnable.run(DelegatingErrorHandlingRunnable.java:54) ~[spring-context-6.2.6.jar:6.2.6]
	at java.base/java.util.concurrent.Executors$RunnableAdapter.call(Executors.java:572) ~[na:na]
	at java.base/java.util.concurrent.FutureTask.runAndReset(FutureTask.java:358) ~[na:na]
	at java.base/java.util.concurrent.ScheduledThreadPoolExecutor$ScheduledFutureTask.run(ScheduledThreadPoolExecutor.java:305) ~[na:na]
	at java.base/java.util.concurrent.ThreadPoolExecutor.runWorker(ThreadPoolExecutor.java:1144) ~[na:na]
	at java.base/java.util.concurrent.ThreadPoolExecutor$Worker.run(ThreadPoolExecutor.java:642) ~[na:na]
	at java.base/java.lang.Thread.run(Thread.java:1583) ~[na:na]

2025-12-19T21:40:34.015Z  INFO 6231 --- [           main] c.a.s.service.DataIngestionService       : Counters: copy found=586, kept(after-cleanse)=586, kept(after-merge)=586; analytics found=352, kept(after-cleanse)=352, kept(after-merge)=352; blank-kept(copy)=0, blank-kept(analytics)=0
Extracted items total: 938
Unique (sourcePath::originalFieldName): 696
Duplicate keys: 122
Duplicate items beyond first: 242
]]></system-out>
  </testcase>
</testsuite>